time=2024-07-15T01:54:12.383+05:00 level=INFO msg="Register is starting"
time=2024-07-15T01:54:12.462+05:00 level=INFO msg="Register rpc method started"
time=2024-07-15T01:54:12.486+05:00 level=INFO msg="Register rpc method finished"
time=2024-07-15T01:54:12.487+05:00 level=INFO msg="Register ended"
time=2024-07-15T01:55:10.998+05:00 level=INFO msg="Login is working"
time=2024-07-15T01:55:11.001+05:00 level=INFO msg="Login rpc method started"
time=2024-07-15T01:55:11.019+05:00 level=INFO msg="Login rpc method finished"
time=2024-07-15T01:59:54.364+05:00 level=INFO msg="Login is working"
time=2024-07-15T01:59:54.406+05:00 level=INFO msg="Login rpc method started"
time=2024-07-15T01:59:54.413+05:00 level=INFO msg="Login rpc method finished"
time=2024-07-15T02:03:03.244+05:00 level=INFO msg="Login is working"
time=2024-07-15T02:03:03.284+05:00 level=INFO msg="Login rpc method started"
time=2024-07-15T02:03:03.292+05:00 level=INFO msg="Login rpc method finished"
time=2024-07-15T02:06:00.776+05:00 level=INFO msg="Login is working"
time=2024-07-15T02:06:00.846+05:00 level=INFO msg="Login rpc method started"
time=2024-07-15T02:06:00.864+05:00 level=INFO msg="Login rpc method finished"
time=2024-07-15T02:06:42.210+05:00 level=INFO msg="Login is working"
time=2024-07-15T02:06:47.277+05:00 level=INFO msg="Login rpc method started"
time=2024-07-15T02:06:47.291+05:00 level=INFO msg="Login rpc method finished"
time=2024-07-15T02:08:08.124+05:00 level=INFO msg="Login is working"
time=2024-07-15T02:08:08.161+05:00 level=INFO msg="Login rpc method started"
time=2024-07-15T02:08:08.162+05:00 level=INFO msg="Login rpc method finished"
time=2024-07-15T02:08:09.709+05:00 level=INFO msg="Login is working"
time=2024-07-15T02:08:09.710+05:00 level=INFO msg="Login rpc method started"
time=2024-07-15T02:08:09.710+05:00 level=INFO msg="Login rpc method finished"
time=2024-07-15T02:09:26.366+05:00 level=INFO msg="Login is working"
time=2024-07-15T02:09:26.406+05:00 level=INFO msg="Login rpc method started"
time=2024-07-15T02:09:26.409+05:00 level=INFO msg="Login rpc method finished"
time=2024-07-15T02:12:49.904+05:00 level=INFO msg="Login is working"
time=2024-07-15T02:12:49.959+05:00 level=INFO msg="Login rpc method started"
time=2024-07-15T02:12:49.963+05:00 level=INFO msg="Login rpc method finished"
time=2024-07-15T02:12:50.841+05:00 level=INFO msg="Login is working"
time=2024-07-15T02:12:50.842+05:00 level=INFO msg="Login rpc method started"
time=2024-07-15T02:12:50.844+05:00 level=INFO msg="Login rpc method finished"
time=2024-07-15T02:13:19.435+05:00 level=INFO msg="Login is working"
time=2024-07-15T02:13:19.473+05:00 level=INFO msg="Login rpc method started"
time=2024-07-15T02:13:19.475+05:00 level=INFO msg="Login rpc method finished"
time=2024-07-15T02:14:20.094+05:00 level=INFO msg="Login is working"
time=2024-07-15T02:14:20.127+05:00 level=INFO msg="Login rpc method started"
time=2024-07-15T02:14:20.128+05:00 level=INFO msg="Login rpc method finished"
time=2024-07-15T02:16:25.551+05:00 level=INFO msg="Login is working"
time=2024-07-15T02:16:25.591+05:00 level=INFO msg="Login rpc method started"
time=2024-07-15T02:16:25.596+05:00 level=INFO msg="Login rpc method finished"
time=2024-07-15T02:19:02.535+05:00 level=INFO msg="Login is working"
time=2024-07-15T02:19:02.553+05:00 level=INFO msg="Login rpc method started"
time=2024-07-15T02:19:02.574+05:00 level=INFO msg="Login rpc method finished"
time=2024-07-15T02:19:37.453+05:00 level=INFO msg="Login is working"
time=2024-07-15T02:19:37.492+05:00 level=INFO msg="Login rpc method started"
time=2024-07-15T02:19:37.505+05:00 level=INFO msg="Login rpc method finished"
time=2024-07-15T02:19:37.507+05:00 level=INFO msg="login is succesfully ended"
time=2024-07-15T02:31:28.819+05:00 level=INFO msg="Login is working"
time=2024-07-15T02:31:28.838+05:00 level=INFO msg="Login rpc method started"
time=2024-07-15T02:31:28.859+05:00 level=INFO msg="Login rpc method finished"
time=2024-07-15T02:31:28.861+05:00 level=INFO msg="login is succesfully ended"
time=2024-07-15T02:31:54.834+05:00 level=INFO msg="Logout is working"
time=2024-07-15T02:31:54.835+05:00 level=INFO msg="Logout ended"
time=2024-07-15T02:32:26.088+05:00 level=INFO msg="Refresh is working"
time=2024-07-15T02:33:18.699+05:00 level=INFO msg="ResetPassword is working"
time=2024-07-15T02:33:18.716+05:00 level=INFO msg="EmailRecovery rpc method started"
time=2024-07-15T02:33:18.733+05:00 level=ERROR msg="pq: invalid input syntax for type uuid: \"\""
time=2024-07-15T02:33:18.734+05:00 level=ERROR msg="rpc error: code = Unknown desc = pq: invalid input syntax for type uuid: \"\""
time=2024-07-15T02:34:47.358+05:00 level=INFO msg="ResetPassword is working"
time=2024-07-15T02:34:47.417+05:00 level=INFO msg="EmailRecovery rpc method started"
time=2024-07-15T02:34:47.420+05:00 level=ERROR msg="Password is incorrect"
time=2024-07-15T02:34:47.420+05:00 level=ERROR msg="rpc error: code = Unknown desc = password is incorrect"
time=2024-07-15T02:34:47.420+05:00 level=INFO msg="ResetPassword ended"
time=2024-07-15T02:35:48.571+05:00 level=INFO msg="ResetPassword is working"
time=2024-07-15T02:35:48.578+05:00 level=INFO msg="EmailRecovery rpc method started"
time=2024-07-15T02:35:48.600+05:00 level=INFO msg="EmailRecovery rpc method finished"
time=2024-07-15T02:35:48.601+05:00 level=INFO msg="ResetPassword ended"
time=2024-07-15T02:36:36.880+05:00 level=INFO msg="GetAllUsers is working"
time=2024-07-15T02:36:36.886+05:00 level=INFO msg="GetUsers rpc method started"
time=2024-07-15T02:36:36.899+05:00 level=INFO msg="GetUsers rpc method finished"
time=2024-07-15T02:36:36.901+05:00 level=INFO msg="GetAllUsers ended"
time=2024-07-15T02:36:52.071+05:00 level=INFO msg="GetAllUsers is working"
time=2024-07-15T02:36:52.072+05:00 level=INFO msg="GetUsers rpc method started"
time=2024-07-15T02:36:52.073+05:00 level=INFO msg="GetUsers rpc method finished"
time=2024-07-15T02:36:52.073+05:00 level=INFO msg="GetAllUsers ended"
time=2024-07-15T02:37:39.815+05:00 level=INFO msg="GetAllUsers is working"
time=2024-07-15T02:37:39.816+05:00 level=INFO msg="GetUsers rpc method started"
time=2024-07-15T02:37:39.828+05:00 level=INFO msg="GetUsers rpc method finished"
time=2024-07-15T02:37:39.829+05:00 level=INFO msg="GetAllUsers ended"
time=2024-07-15T02:38:01.653+05:00 level=INFO msg="GetAllUsers is working"
time=2024-07-15T02:38:01.654+05:00 level=INFO msg="GetUsers rpc method started"
time=2024-07-15T02:38:01.656+05:00 level=INFO msg="GetUsers rpc method finished"
time=2024-07-15T02:38:01.657+05:00 level=INFO msg="GetAllUsers ended"
time=2024-07-15T02:38:41.675+05:00 level=INFO msg="Profile is working"
time=2024-07-15T02:38:41.690+05:00 level=INFO msg="GetProfile rpc method started"
time=2024-07-15T02:38:41.692+05:00 level=INFO msg="GetProfile rpc method finished"
time=2024-07-15T02:38:41.693+05:00 level=INFO msg="Profile ended"
time=2024-07-15T02:39:45.941+05:00 level=INFO msg="UserProfileUpdate is working"
time=2024-07-15T02:39:45.942+05:00 level=INFO msg="UpdateProfile rpc method started"
time=2024-07-15T02:39:45.955+05:00 level=ERROR msg="pq: invalid input syntax for type uuid: \"\""
time=2024-07-15T02:39:45.956+05:00 level=ERROR msg="rpc error: code = Unknown desc = pq: invalid input syntax for type uuid: \"\""
time=2024-07-15T02:39:45.956+05:00 level=INFO msg="UserProfileUpdate ended"
time=2024-07-15T02:41:09.246+05:00 level=INFO msg="UserProfileUpdate is working"
time=2024-07-15T02:41:09.306+05:00 level=INFO msg="UpdateProfile rpc method started"
time=2024-07-15T02:41:09.308+05:00 level=ERROR msg="pq: invalid input syntax for type uuid: \"\""
time=2024-07-15T02:41:09.309+05:00 level=ERROR msg="rpc error: code = Unknown desc = pq: invalid input syntax for type uuid: \"\""
time=2024-07-15T02:41:09.309+05:00 level=INFO msg="UserProfileUpdate ended"
time=2024-07-15T02:41:43.187+05:00 level=INFO msg="UserProfileUpdate is working"
time=2024-07-15T02:41:43.216+05:00 level=INFO msg="UpdateProfile rpc method started"
time=2024-07-15T02:41:43.218+05:00 level=ERROR msg="pq: invalid input syntax for type uuid: \"\""
time=2024-07-15T02:41:43.218+05:00 level=ERROR msg="rpc error: code = Unknown desc = pq: invalid input syntax for type uuid: \"\""
time=2024-07-15T02:41:43.219+05:00 level=INFO msg="UserProfileUpdate ended"
time=2024-07-15T02:41:46.627+05:00 level=INFO msg="UserProfileUpdate is working"
time=2024-07-15T02:41:46.627+05:00 level=INFO msg="UpdateProfile rpc method started"
time=2024-07-15T02:41:46.628+05:00 level=ERROR msg="pq: invalid input syntax for type uuid: \"\""
time=2024-07-15T02:41:46.628+05:00 level=ERROR msg="rpc error: code = Unknown desc = pq: invalid input syntax for type uuid: \"\""
time=2024-07-15T02:41:46.628+05:00 level=INFO msg="UserProfileUpdate ended"
time=2024-07-15T02:45:57.662+05:00 level=INFO msg="UserProfileUpdate is working"
time=2024-07-15T02:45:57.691+05:00 level=INFO msg="UpdateProfile rpc method started"
time=2024-07-15T02:45:57.698+05:00 level=INFO msg="UpdateProfile rpc method finished"
time=2024-07-15T02:45:57.702+05:00 level=INFO msg="UserProfileUpdate ended"
time=2024-07-15T02:46:52.389+05:00 level=INFO msg="Delete is working"
time=2024-07-15T02:46:52.391+05:00 level=INFO msg="DeleteUser rpc method started"
time=2024-07-15T02:46:52.412+05:00 level=INFO msg="DeleteUser rpc method finished"
time=2024-07-15T02:46:52.414+05:00 level=INFO msg="Delete ended"
time=2024-07-15T02:47:26.667+05:00 level=INFO msg="Activity is working"
time=2024-07-15T02:47:26.668+05:00 level=INFO msg="Activity rpc method started"
time=2024-07-15T02:47:26.677+05:00 level=ERROR msg="sql: no rows in result set"
time=2024-07-15T02:47:26.677+05:00 level=ERROR msg="rpc error: code = Unknown desc = sql: no rows in result set"
time=2024-07-15T02:47:49.977+05:00 level=INFO msg="Profile is working"
time=2024-07-15T02:47:49.978+05:00 level=INFO msg="GetProfile rpc method started"
time=2024-07-15T02:47:49.989+05:00 level=INFO msg="GetProfile rpc method finished"
time=2024-07-15T02:47:49.990+05:00 level=INFO msg="Profile ended"
time=2024-07-15T02:47:54.796+05:00 level=INFO msg="Profile is working"
time=2024-07-15T02:47:54.797+05:00 level=INFO msg="GetProfile rpc method started"
time=2024-07-15T02:47:54.797+05:00 level=INFO msg="GetProfile rpc method finished"
time=2024-07-15T02:47:54.798+05:00 level=INFO msg="Profile ended"
time=2024-07-15T02:49:02.525+05:00 level=INFO msg="Profile is working"
time=2024-07-15T02:49:02.527+05:00 level=INFO msg="GetProfile rpc method started"
time=2024-07-15T02:49:02.528+05:00 level=INFO msg="GetProfile rpc method finished"
time=2024-07-15T02:49:02.528+05:00 level=INFO msg="Profile ended"
time=2024-07-15T02:49:03.193+05:00 level=INFO msg="Profile is working"
time=2024-07-15T02:49:03.193+05:00 level=INFO msg="GetProfile rpc method started"
time=2024-07-15T02:49:03.194+05:00 level=INFO msg="GetProfile rpc method finished"
time=2024-07-15T02:49:03.194+05:00 level=INFO msg="Profile ended"
time=2024-07-15T02:49:03.414+05:00 level=INFO msg="Profile is working"
time=2024-07-15T02:49:03.414+05:00 level=INFO msg="GetProfile rpc method started"
time=2024-07-15T02:49:03.415+05:00 level=INFO msg="GetProfile rpc method finished"
time=2024-07-15T02:49:03.415+05:00 level=INFO msg="Profile ended"
time=2024-07-15T02:49:03.604+05:00 level=INFO msg="Profile is working"
time=2024-07-15T02:49:03.607+05:00 level=INFO msg="GetProfile rpc method started"
time=2024-07-15T02:49:03.607+05:00 level=INFO msg="GetProfile rpc method finished"
time=2024-07-15T02:49:03.607+05:00 level=INFO msg="Profile ended"
time=2024-07-15T02:49:03.878+05:00 level=INFO msg="Profile is working"
time=2024-07-15T02:49:03.879+05:00 level=INFO msg="GetProfile rpc method started"
time=2024-07-15T02:49:03.880+05:00 level=INFO msg="GetProfile rpc method finished"
time=2024-07-15T02:49:03.880+05:00 level=INFO msg="Profile ended"
time=2024-07-15T02:49:04.076+05:00 level=INFO msg="Profile is working"
time=2024-07-15T02:49:04.076+05:00 level=INFO msg="GetProfile rpc method started"
time=2024-07-15T02:49:04.077+05:00 level=INFO msg="GetProfile rpc method finished"
time=2024-07-15T02:49:04.077+05:00 level=INFO msg="Profile ended"
time=2024-07-15T02:51:19.549+05:00 level=INFO msg="Login is working"
time=2024-07-15T02:51:19.606+05:00 level=INFO msg="Login rpc method started"
time=2024-07-15T02:51:19.624+05:00 level=ERROR msg="sql: no rows in result set"
time=2024-07-15T02:51:19.624+05:00 level=ERROR msg="rpc error: code = Unknown desc = sql: no rows in result set"
time=2024-07-15T02:52:07.454+05:00 level=INFO msg="Login is working"
time=2024-07-15T02:52:07.456+05:00 level=INFO msg="Login rpc method started"
time=2024-07-15T02:52:07.476+05:00 level=ERROR msg="Password is incorrect"
time=2024-07-15T02:52:07.476+05:00 level=ERROR msg="rpc error: code = Unknown desc = password is incorrect"
time=2024-07-15T02:52:14.011+05:00 level=INFO msg="Login is working"
time=2024-07-15T02:52:14.011+05:00 level=INFO msg="Login rpc method started"
time=2024-07-15T02:52:14.013+05:00 level=INFO msg="Login rpc method finished"
time=2024-07-15T02:52:14.015+05:00 level=INFO msg="login is succesfully ended"
time=2024-07-15T02:52:34.043+05:00 level=INFO msg="Profile is working"
time=2024-07-15T02:52:34.044+05:00 level=INFO msg="GetProfile rpc method started"
time=2024-07-15T02:52:34.045+05:00 level=INFO msg="GetProfile rpc method finished"
time=2024-07-15T02:52:34.046+05:00 level=INFO msg="Profile ended"
time=2024-07-15T02:53:02.312+05:00 level=INFO msg="Activity is working"
time=2024-07-15T02:53:02.316+05:00 level=INFO msg="Activity rpc method started"
time=2024-07-15T02:53:02.322+05:00 level=INFO msg="Activity rpc method finished"
time=2024-07-15T02:53:09.190+05:00 level=INFO msg="Activity is working"
time=2024-07-15T02:53:09.191+05:00 level=INFO msg="Activity rpc method started"
time=2024-07-15T02:53:09.192+05:00 level=INFO msg="Activity rpc method finished"
time=2024-07-15T02:53:11.231+05:00 level=INFO msg="Activity is working"
time=2024-07-15T02:53:11.231+05:00 level=INFO msg="Activity rpc method started"
time=2024-07-15T02:53:11.232+05:00 level=INFO msg="Activity rpc method finished"
time=2024-07-15T02:54:41.588+05:00 level=INFO msg="Activity is working"
time=2024-07-15T02:54:41.617+05:00 level=INFO msg="Activity rpc method started"
time=2024-07-15T02:54:41.621+05:00 level=INFO msg="Activity rpc method finished"
time=2024-07-15T02:54:46.613+05:00 level=INFO msg="Activity is working"
time=2024-07-15T02:54:46.614+05:00 level=INFO msg="Activity rpc method started"
time=2024-07-15T02:54:46.614+05:00 level=INFO msg="Activity rpc method finished"
time=2024-07-15T02:55:27.167+05:00 level=INFO msg="Activity is working"
time=2024-07-15T02:55:27.242+05:00 level=INFO msg="Activity rpc method started"
time=2024-07-15T02:55:27.244+05:00 level=INFO msg="Activity rpc method finished"
time=2024-07-15T02:58:50.802+05:00 level=INFO msg="Activity is working"
time=2024-07-15T02:58:50.865+05:00 level=INFO msg="Activity rpc method started"
time=2024-07-15T02:58:50.869+05:00 level=INFO msg="Activity rpc method finished"
time=2024-07-15T02:59:43.669+05:00 level=INFO msg="Activity is working"
time=2024-07-15T02:59:48.714+05:00 level=INFO msg="Activity rpc method started"
time=2024-07-15T02:59:48.718+05:00 level=INFO msg="Activity rpc method finished"
time=2024-07-15T03:01:05.090+05:00 level=INFO msg="Activity is working"
time=2024-07-15T03:01:05.126+05:00 level=INFO msg="Activity rpc method started"
time=2024-07-15T03:01:05.128+05:00 level=INFO msg="Activity rpc method finished"
time=2024-07-15T03:01:05.129+05:00 level=INFO msg="Activity ended"
time=2024-07-15T03:02:40.871+05:00 level=INFO msg="Follow is working"
time=2024-07-15T03:02:40.876+05:00 level=INFO msg="Follow rpc method started"
time=2024-07-15T03:02:40.883+05:00 level=INFO msg="Follow rpc method finished"
time=2024-07-15T03:02:40.884+05:00 level=INFO msg="Follow ended"
time=2024-07-15T03:03:05.389+05:00 level=INFO msg="Follow is working"
time=2024-07-15T03:03:05.392+05:00 level=INFO msg="Follow rpc method started"
time=2024-07-15T03:03:05.406+05:00 level=INFO msg="Follow rpc method finished"
time=2024-07-15T03:03:05.406+05:00 level=INFO msg="Follow ended"
time=2024-07-15T03:03:06.430+05:00 level=INFO msg="Follow is working"
time=2024-07-15T03:03:06.431+05:00 level=INFO msg="Follow rpc method started"
time=2024-07-15T03:03:06.446+05:00 level=ERROR msg="pq: duplicate key value violates unique constraint \"followers_pkey\""
time=2024-07-15T03:03:06.446+05:00 level=ERROR msg="rpc error: code = Unknown desc = pq: duplicate key value violates unique constraint \"followers_pkey\""
time=2024-07-15T03:03:06.446+05:00 level=INFO msg="Follow ended"
time=2024-07-15T03:03:50.007+05:00 level=INFO msg="Followers is working"
time=2024-07-15T03:03:50.009+05:00 level=INFO msg="Followers rpc method started"
time=2024-07-15T03:03:50.027+05:00 level=INFO msg="Followers rpc method finished"
time=2024-07-15T03:03:50.029+05:00 level=INFO msg="Followers ended"
time=2024-07-15T10:01:12.542+05:00 level=INFO msg="Login is working"
time=2024-07-15T10:01:12.570+05:00 level=INFO msg="Login rpc method started"
time=2024-07-15T10:01:12.598+05:00 level=INFO msg="Login rpc method finished"
time=2024-07-15T10:01:12.599+05:00 level=INFO msg="login is succesfully ended"
time=2024-07-15T10:01:39.625+05:00 level=INFO msg="Followers is working"
time=2024-07-15T10:01:39.626+05:00 level=INFO msg="Followers rpc method started"
time=2024-07-15T10:01:39.634+05:00 level=INFO msg="Followers rpc method finished"
time=2024-07-15T10:01:39.634+05:00 level=INFO msg="Followers ended"
time=2024-07-15T10:02:25.504+05:00 level=INFO msg="Activity is working"
time=2024-07-15T10:02:25.505+05:00 level=INFO msg="Activity rpc method started"
time=2024-07-15T10:02:25.513+05:00 level=INFO msg="Activity rpc method finished"
time=2024-07-15T10:02:25.514+05:00 level=INFO msg="Activity ended"
time=2024-07-15T10:02:32.935+05:00 level=INFO msg="Activity is working"
time=2024-07-15T10:02:32.936+05:00 level=INFO msg="Activity rpc method started"
time=2024-07-15T10:02:32.937+05:00 level=INFO msg="Activity rpc method finished"
time=2024-07-15T10:02:32.937+05:00 level=INFO msg="Activity ended"
time=2024-07-15T10:10:34.593+05:00 level=INFO msg="Activity is working"
time=2024-07-15T10:10:34.657+05:00 level=INFO msg="Activity rpc method started"
time=2024-07-15T10:10:34.666+05:00 level=INFO msg="Activity rpc method finished"
time=2024-07-15T10:10:34.667+05:00 level=INFO msg="Activity ended"
time=2024-07-15T10:10:40.436+05:00 level=INFO msg="Activity is working"
time=2024-07-15T10:10:40.440+05:00 level=INFO msg="Activity rpc method started"
time=2024-07-15T10:10:40.456+05:00 level=INFO msg="Activity rpc method finished"
time=2024-07-15T10:10:40.457+05:00 level=INFO msg="Activity ended"
time=2024-07-15T10:12:10.762+05:00 level=INFO msg="Activity is working"
time=2024-07-15T10:12:10.790+05:00 level=INFO msg="Activity rpc method started"
time=2024-07-15T10:12:10.791+05:00 level=INFO msg="Activity rpc method finished"
time=2024-07-15T10:12:10.792+05:00 level=INFO msg="Activity ended"
time=2024-07-15T10:12:44.489+05:00 level=INFO msg="Activity is working"
time=2024-07-15T10:12:44.529+05:00 level=INFO msg="Activity rpc method started"
time=2024-07-15T10:12:44.532+05:00 level=INFO msg="Activity rpc method finished"
time=2024-07-15T10:12:44.533+05:00 level=INFO msg="Activity ended"
time=2024-07-15T10:13:10.846+05:00 level=INFO msg="Activity is working"
time=2024-07-15T10:13:10.847+05:00 level=INFO msg="Activity rpc method started"
time=2024-07-15T10:13:10.849+05:00 level=INFO msg="Activity rpc method finished"
time=2024-07-15T10:13:10.850+05:00 level=INFO msg="Activity ended"
time=2024-07-15T10:14:14.838+05:00 level=INFO msg="Activity is working"
time=2024-07-15T10:14:14.876+05:00 level=INFO msg="Activity rpc method started"
time=2024-07-15T10:14:14.879+05:00 level=INFO msg="Activity rpc method finished"
time=2024-07-15T10:14:14.880+05:00 level=INFO msg="Activity ended"
time=2024-07-15T10:18:11.933+05:00 level=INFO msg="Activity rpc method started"
time=2024-07-15T10:18:11.951+05:00 level=INFO msg="Activity rpc method finished"
time=2024-07-15T10:20:40.665+05:00 level=INFO msg="Activity is working"
time=2024-07-15T10:20:40.701+05:00 level=INFO msg="Activity rpc method started"
time=2024-07-15T10:20:40.721+05:00 level=INFO msg="Activity rpc method finished"
time=2024-07-15T10:20:40.722+05:00 level=INFO msg="Activity ended"
time=2024-07-15T10:20:44.572+05:00 level=INFO msg="Activity is working"
time=2024-07-15T10:20:44.572+05:00 level=INFO msg="Activity rpc method started"
time=2024-07-15T10:20:44.573+05:00 level=INFO msg="Activity rpc method finished"
time=2024-07-15T10:20:44.573+05:00 level=INFO msg="Activity ended"
time=2024-07-15T10:20:45.455+05:00 level=INFO msg="Activity is working"
time=2024-07-15T10:20:45.455+05:00 level=INFO msg="Activity rpc method started"
time=2024-07-15T10:20:45.456+05:00 level=INFO msg="Activity rpc method finished"
time=2024-07-15T10:20:45.456+05:00 level=INFO msg="Activity ended"
time=2024-07-15T10:21:43.609+05:00 level=INFO msg="Activity is working"
time=2024-07-15T10:21:43.642+05:00 level=INFO msg="Activity rpc method started"
time=2024-07-15T10:21:43.644+05:00 level=INFO msg="Activity rpc method finished"
time=2024-07-15T10:21:43.645+05:00 level=INFO msg="Activity ended"
time=2024-07-15T10:23:01.887+05:00 level=INFO msg="Activity is working"
time=2024-07-15T10:23:01.924+05:00 level=INFO msg="Activity rpc method started"
time=2024-07-15T10:23:01.933+05:00 level=INFO msg="Activity rpc method finished"
time=2024-07-15T10:23:01.934+05:00 level=INFO msg="Activity ended"
time=2024-07-15T10:25:20.822+05:00 level=INFO msg="Activity is working"
time=2024-07-15T10:25:20.856+05:00 level=INFO msg="Activity rpc method started"
time=2024-07-15T10:25:20.865+05:00 level=INFO msg="Activity rpc method finished"
time=2024-07-15T10:25:20.866+05:00 level=INFO msg="Activity ended"
time=2024-07-15T10:27:54.889+05:00 level=INFO msg="Activity is working"
time=2024-07-15T10:27:54.933+05:00 level=INFO msg="Activity rpc method started"
time=2024-07-15T10:27:54.941+05:00 level=INFO msg="Activity rpc method finished"
time=2024-07-15T10:27:54.941+05:00 level=INFO msg="Activity ended"
time=2024-07-15T10:31:48.259+05:00 level=INFO msg="Login is working"
time=2024-07-15T10:31:48.317+05:00 level=INFO msg="Login rpc method started"
time=2024-07-15T10:31:48.338+05:00 level=INFO msg="Login rpc method finished"
time=2024-07-15T10:31:48.339+05:00 level=INFO msg="login is succesfully ended"
time=2024-07-15T10:32:51.192+05:00 level=INFO msg="Activity is working"
time=2024-07-15T10:32:51.205+05:00 level=INFO msg="Activity rpc method started"
time=2024-07-15T10:32:51.214+05:00 level=INFO msg="Activity rpc method finished"
time=2024-07-15T10:32:51.215+05:00 level=INFO msg="Activity ended"
time=2024-07-15T10:33:36.308+05:00 level=INFO msg="Followers rpc method started"
time=2024-07-15T10:33:36.313+05:00 level=ERROR msg="pq: invalid input syntax for type uuid: \"\""
time=2024-07-15T10:33:36.313+05:00 level=INFO msg="Followers rpc method finished"
time=2024-07-15T10:34:24.249+05:00 level=INFO msg="Followers rpc method started"
time=2024-07-15T10:34:24.257+05:00 level=ERROR msg="pq: invalid input syntax for type uuid: \"\""
time=2024-07-15T10:34:24.257+05:00 level=INFO msg="Followers rpc method finished"
time=2024-07-15T10:34:25.245+05:00 level=INFO msg="Followers rpc method started"
time=2024-07-15T10:34:25.246+05:00 level=ERROR msg="pq: invalid input syntax for type uuid: \"\""
time=2024-07-15T10:34:25.246+05:00 level=INFO msg="Followers rpc method finished"
time=2024-07-15T10:34:47.763+05:00 level=INFO msg="Followers rpc method started"
time=2024-07-15T10:34:47.765+05:00 level=ERROR msg="pq: invalid input syntax for type uuid: \"\""
time=2024-07-15T10:34:47.765+05:00 level=INFO msg="Followers rpc method finished"
time=2024-07-15T10:35:34.585+05:00 level=INFO msg="Followers rpc method started"
time=2024-07-15T10:35:34.588+05:00 level=ERROR msg="pq: invalid input syntax for type uuid: \" b25ba7af-0c7c-42d2-ab14-97c59441debd\""
time=2024-07-15T10:35:34.588+05:00 level=INFO msg="Followers rpc method finished"
time=2024-07-15T10:35:35.717+05:00 level=INFO msg="Followers rpc method started"
time=2024-07-15T10:35:35.718+05:00 level=ERROR msg="pq: invalid input syntax for type uuid: \" b25ba7af-0c7c-42d2-ab14-97c59441debd\""
time=2024-07-15T10:35:35.718+05:00 level=INFO msg="Followers rpc method finished"
time=2024-07-15T10:36:05.060+05:00 level=INFO msg="Followers is working"
time=2024-07-15T10:36:05.061+05:00 level=ERROR msg="invalid UUID length: 37"
time=2024-07-15T10:36:05.072+05:00 level=INFO msg="Followers rpc method started"
time=2024-07-15T10:36:05.076+05:00 level=ERROR msg="pq: invalid input syntax for type uuid: \" b25ba7af-0c7c-42d2-ab14-97c59441debd\""
time=2024-07-15T10:36:05.076+05:00 level=INFO msg="Followers rpc method finished"
time=2024-07-15T10:36:05.077+05:00 level=INFO msg="Followers ended"
time=2024-07-15T10:36:42.493+05:00 level=INFO msg="Followers is working"
time=2024-07-15T10:36:42.495+05:00 level=INFO msg="Followers rpc method started"
time=2024-07-15T10:36:42.515+05:00 level=INFO msg="Followers rpc method finished"
time=2024-07-15T10:36:42.517+05:00 level=INFO msg="Followers ended"
time=2024-07-15T10:37:30.012+05:00 level=INFO msg="Followers is working"
time=2024-07-15T10:37:30.016+05:00 level=INFO msg="Followers rpc method started"
time=2024-07-15T10:37:30.018+05:00 level=INFO msg="Followers rpc method finished"
time=2024-07-15T10:37:30.019+05:00 level=INFO msg="Followers ended"
time=2024-07-15T18:06:56.491+05:00 level=INFO msg="Login is working"
time=2024-07-15T18:06:56.671+05:00 level=INFO msg="Login rpc method started"
time=2024-07-15T18:06:56.690+05:00 level=ERROR msg="sql: no rows in result set"
time=2024-07-15T18:06:56.691+05:00 level=ERROR msg="rpc error: code = Unknown desc = sql: no rows in result set"
time=2024-07-15T18:07:26.062+05:00 level=INFO msg="Login is working"
time=2024-07-15T18:07:26.063+05:00 level=INFO msg="Login rpc method started"
time=2024-07-15T18:07:26.065+05:00 level=INFO msg="Login rpc method finished"
time=2024-07-15T18:07:26.066+05:00 level=INFO msg="login is succesfully ended"
time=2024-07-16T02:21:51.438+05:00 level=INFO msg="Login is working"
time=2024-07-16T02:21:51.478+05:00 level=INFO msg="Login rpc method started"
time=2024-07-16T02:21:51.502+05:00 level=INFO msg="Login rpc method finished"
time=2024-07-16T02:21:51.503+05:00 level=INFO msg="login is succesfully ended"
time=2024-07-16T09:12:36.790+05:00 level=INFO msg="Refresh is working"
time=2024-07-16T09:45:26.201+05:00 level=INFO msg="Refresh is working"
time=2024-07-16T11:40:39.875+05:00 level=INFO msg="Refresh is working"
time=2024-07-16T12:24:50.930+05:00 level=INFO msg="Refresh is working"
time=2024-07-16T12:56:27.428+05:00 level=INFO msg="Refresh is working"
time=2024-07-16T13:27:22.115+05:00 level=INFO msg="Refresh is working"
time=2024-07-16T17:14:58.745+05:00 level=INFO msg="Login is working"
time=2024-07-16T17:14:58.889+05:00 level=INFO msg="Login rpc method started"
time=2024-07-16T17:14:58.930+05:00 level=INFO msg="Login rpc method finished"
time=2024-07-16T17:14:58.931+05:00 level=INFO msg="login is succesfully ended"
time=2024-07-16T18:10:09.631+05:00 level=INFO msg="Login is working"
time=2024-07-16T18:10:09.666+05:00 level=INFO msg="Login rpc method started"
time=2024-07-16T18:10:09.673+05:00 level=ERROR msg="sql: no rows in result set"
time=2024-07-16T18:10:09.673+05:00 level=ERROR msg="rpc error: code = Unknown desc = sql: no rows in result set"
time=2024-07-16T18:10:47.712+05:00 level=INFO msg="Login is working"
time=2024-07-16T18:10:47.714+05:00 level=INFO msg="Login rpc method started"
time=2024-07-16T18:10:47.716+05:00 level=INFO msg="Login rpc method finished"
time=2024-07-16T18:10:47.731+05:00 level=INFO msg="login is succesfully ended"
time=2024-07-16T18:11:31.846+05:00 level=INFO msg="GetAllUsers is working"
time=2024-07-16T18:11:31.846+05:00 level=INFO msg="GetUsers rpc method started"
time=2024-07-16T18:11:31.847+05:00 level=INFO msg="GetUsers rpc method finished"
time=2024-07-16T18:11:31.848+05:00 level=INFO msg="GetAllUsers ended"
time=2024-07-17T12:48:31.826+05:00 level=INFO msg="Login is working"
time=2024-07-17T12:48:31.861+05:00 level=INFO msg="Login rpc method started"
time=2024-07-17T12:48:31.884+05:00 level=ERROR msg="sql: no rows in result set"
time=2024-07-17T12:48:31.884+05:00 level=ERROR msg="rpc error: code = Unknown desc = sql: no rows in result set"
time=2024-07-17T12:49:19.417+05:00 level=INFO msg="Login is working"
time=2024-07-17T12:49:19.421+05:00 level=INFO msg="Login rpc method started"
time=2024-07-17T12:49:19.435+05:00 level=INFO msg="Login rpc method finished"
time=2024-07-17T12:49:19.437+05:00 level=INFO msg="login is succesfully ended"
